<?xml version="1.0" encoding="UTF-8"?>
<!-- Generated by org.testng.reporters.JUnitReportReporter -->
<testsuite hostname="Rajput" failures="0" tests="3" name="testcases.LoginTest" time="15.238" errors="0" timestamp="2026-06-07T13:58:34 IST" skipped="0">
  <testcase classname="testcases.LoginTest" name="emptyLoginTest" time="5.625"/>
  <testcase classname="testcases.LoginTest" name="invalidLoginTest" time="4.032"/>
  <testcase classname="testcases.LoginTest" name="validLoginTest" time="5.581"/>
</testsuite> <!-- testcases.LoginTest -->
