<?xml version="1.0" encoding="UTF-8"?>
<!-- Generated by org.testng.reporters.JUnitReportReporter -->
<testsuite hostname="Rajput" failures="0" tests="4" name="testcases.FundTransferNegativeTest" time="23.320" errors="0" timestamp="2026-06-08T16:27:11 IST" skipped="0">
  <testcase classname="testcases.FundTransferNegativeTest" name="invalidAccountTransferTest" time="7.892"/>
  <testcase classname="testcases.FundTransferNegativeTest" name="invalidDepositAccountTest" time="5.649"/>
  <testcase classname="testcases.FundTransferNegativeTest" name="excessiveWithdrawalTest" time="5.133"/>
  <testcase classname="testcases.FundTransferNegativeTest" name="insufficientBalanceTest" time="4.646"/>
</testsuite> <!-- testcases.FundTransferNegativeTest -->
