<?xml version="1.0" encoding="UTF-8"?>
<!-- Generated by org.testng.reporters.JUnitReportReporter -->
<testsuite hostname="Rajput" failures="0" tests="3" name="testcases.LoginTest" time="23.863" errors="0" timestamp="2026-06-06T10:20:20 IST" skipped="0">
  <testcase classname="testcases.LoginTest" name="emptyLoginTest" time="7.928"/>
  <testcase classname="testcases.LoginTest" name="invalidLoginTest" time="7.719"/>
  <testcase classname="testcases.LoginTest" name="validLoginTest" time="8.216"/>
</testsuite> <!-- testcases.LoginTest -->
