<?xml version="1.0" encoding="UTF-8"?>
<!-- Generated by org.testng.reporters.JUnitXMLReporter -->
<testsuite ignored="2" hostname="Rajput" failures="0" tests="1" name="Default test" time="5.653" errors="0" timestamp="2026-06-05T22:30:49 IST">
  <testcase classname="testcases.LoginTest" name="invalidLoginTest" time="0.797"/>
  <testcase classname="testcases.LoginTest" name="validLoginTest" time="0.0">
    <ignored/>
  </testcase> <!-- validLoginTest -->
  <testcase classname="testcases.LoginTest" name="emptyLoginTest" time="0.0">
    <ignored/>
  </testcase> <!-- emptyLoginTest -->
</testsuite> <!-- Default test -->
