<?xml version="1.0" encoding="UTF-8"?>
<!-- Generated by org.testng.reporters.JUnitXMLReporter -->
<testsuite ignored="0" hostname="Rajput" failures="0" tests="8" name="Guru99 Tests" time="52.102" errors="0" timestamp="2026-06-07T14:27:17 IST">
  <testcase classname="testcases.LoginTest" name="emptyLoginTest" time="0.726"/>
  <testcase classname="testcases.LoginTest" name="invalidLoginTest" time="1.144"/>
  <testcase classname="testcases.LoginTest" name="validLoginTest" time="2.514"/>
  <testcase classname="testcases.CustomerTest" name="createCustomerTest" time="4.011"/>
  <testcase classname="testcases.AccountTest" name="createAccountTest" time="5.425"/>
  <testcase classname="testcases.DepositTest" name="depositMoneyTest" time="3.004"/>
  <testcase classname="testcases.WithdrawalTest" name="withdrawalMoneyTest" time="3.506"/>
  <testcase classname="testcases.FundTransferTest" name="fundTransferTest" time="3.184"/>
</testsuite> <!-- Guru99 Tests -->
