<?xml version="1.0" encoding="UTF-8"?>
<!-- Generated by org.testng.reporters.JUnitXMLReporter -->
<testsuite ignored="0" hostname="Rajput" failures="0" tests="12" name="Guru99 Tests" time="74.14" errors="0" timestamp="2026-06-08T11:20:51 IST">
  <testcase classname="testcases.LoginTest" name="emptyLoginTest" time="0.8"/>
  <testcase classname="testcases.LoginTest" name="invalidLoginTest" time="0.735"/>
  <testcase classname="testcases.LoginTest" name="validLoginTest" time="2.501"/>
  <testcase classname="testcases.CustomerTest" name="createCustomerTest" time="6.29"/>
  <testcase classname="testcases.CustomerValidationTest" name="validateCustomerId" time="0.004"/>
  <testcase classname="testcases.AccountTest" name="createAccountTest" time="6.874"/>
  <testcase classname="testcases.AccountDetailsTest" name="verifyAccountDetails" time="0.002"/>
  <testcase classname="testcases.DepositTest" name="depositMoneyTest" time="3.09"/>
  <testcase classname="testcases.WithdrawalTest" name="withdrawalMoneyTest" time="3.088"/>
  <testcase classname="testcases.FundTransferTest" name="fundTransferTest" time="3.267"/>
  <testcase classname="testcases.InvalidAccountTest" name="invalidAccountDepositTest" time="2.942"/>
  <testcase classname="testcases.InsufficientBalanceTest" name="insufficientBalanceTest" time="2.939"/>
</testsuite> <!-- Guru99 Tests -->
