<?xml version="1.0" encoding="UTF-8"?>
<!-- Generated by org.testng.reporters.JUnitXMLReporter -->
<testsuite ignored="1" hostname="Rajput" failures="0" tests="6" name="Negative Tests" time="33.378" errors="0" timestamp="2026-06-08T16:27:11 IST">
  <testcase classname="testcases.LoginTest" name="invalidLoginTest" time="1.208"/>
  <testcase classname="testcases.LoginTest" name="emptyLoginTest" time="0.564"/>
  <testcase classname="testcases.FundTransferNegativeTest" name="excessiveWithdrawalTest" time="2.186"/>
  <testcase classname="testcases.FundTransferNegativeTest" name="insufficientBalanceTest" time="1.742"/>
  <testcase classname="testcases.FundTransferNegativeTest" name="invalidAccountTransferTest" time="4.004"/>
  <testcase classname="testcases.FundTransferNegativeTest" name="invalidDepositAccountTest" time="2.555"/>
  <testcase classname="testcases.LoginTest" name="validLoginTest" time="0.0">
    <ignored/>
  </testcase> <!-- validLoginTest -->
</testsuite> <!-- Negative Tests -->
