<?xml version="1.0" encoding="UTF-8"?>
<testng-results ignored="0" total="8" passed="8" failed="0" skipped="0">
  <reporter-output>
  </reporter-output>
  <suite started-at="2026-06-07T14:16:30 IST" name="Guru99BankSuite" finished-at="2026-06-07T14:17:21 IST" duration-ms="51227">
    <groups>
    </groups>
    <test started-at="2026-06-07T14:16:30 IST" name="Guru99 Tests" finished-at="2026-06-07T14:17:21 IST" duration-ms="51227">
      <class name="testcases.AccountTest">
        <test-method is-config="true" signature="setup()[pri:0, instance:testcases.AccountTest@69adf72c]" started-at="2026-06-07T14:16:52 IST" name="setup" finished-at="2026-06-07T14:16:55 IST" duration-ms="2938" status="PASS">
          <reporter-output>
          </reporter-output>
        </test-method> <!-- setup -->
        <test-method signature="createAccountTest()[pri:0, instance:testcases.AccountTest@69adf72c]" started-at="2026-06-07T14:16:55 IST" name="createAccountTest" finished-at="2026-06-07T14:17:01 IST" duration-ms="5500" status="PASS">
          <reporter-output>
          </reporter-output>
        </test-method> <!-- createAccountTest -->
        <test-method is-config="true" signature="tearDown()[pri:0, instance:testcases.AccountTest@69adf72c]" started-at="2026-06-07T14:17:01 IST" name="tearDown" finished-at="2026-06-07T14:17:01 IST" duration-ms="255" status="PASS">
          <reporter-output>
          </reporter-output>
        </test-method> <!-- tearDown -->
      </class> <!-- testcases.AccountTest -->
      <class name="testcases.FundTransferTest">
        <test-method is-config="true" signature="setup()[pri:0, instance:testcases.FundTransferTest@57f791c6]" started-at="2026-06-07T14:17:15 IST" name="setup" finished-at="2026-06-07T14:17:18 IST" duration-ms="2951" status="PASS">
          <reporter-output>
          </reporter-output>
        </test-method> <!-- setup -->
        <test-method signature="fundTransferTest()[pri:0, instance:testcases.FundTransferTest@57f791c6]" started-at="2026-06-07T14:17:18 IST" name="fundTransferTest" finished-at="2026-06-07T14:17:21 IST" duration-ms="3060" status="PASS">
          <reporter-output>
          </reporter-output>
        </test-method> <!-- fundTransferTest -->
        <test-method is-config="true" signature="tearDown()[pri:0, instance:testcases.FundTransferTest@57f791c6]" started-at="2026-06-07T14:17:21 IST" name="tearDown" finished-at="2026-06-07T14:17:21 IST" duration-ms="195" status="PASS">
          <reporter-output>
          </reporter-output>
        </test-method> <!-- tearDown -->
      </class> <!-- testcases.FundTransferTest -->
      <class name="testcases.WithdrawalTest">
        <test-method is-config="true" signature="setup()[pri:0, instance:testcases.WithdrawalTest@1a15b789]" started-at="2026-06-07T14:17:08 IST" name="setup" finished-at="2026-06-07T14:17:11 IST" duration-ms="2961" status="PASS">
          <reporter-output>
          </reporter-output>
        </test-method> <!-- setup -->
        <test-method signature="withdrawalMoneyTest()[pri:0, instance:testcases.WithdrawalTest@1a15b789]" started-at="2026-06-07T14:17:11 IST" name="withdrawalMoneyTest" finished-at="2026-06-07T14:17:15 IST" duration-ms="3690" status="PASS">
          <reporter-output>
          </reporter-output>
        </test-method> <!-- withdrawalMoneyTest -->
        <test-method is-config="true" signature="tearDown()[pri:0, instance:testcases.WithdrawalTest@1a15b789]" started-at="2026-06-07T14:17:15 IST" name="tearDown" finished-at="2026-06-07T14:17:15 IST" duration-ms="212" status="PASS">
          <reporter-output>
          </reporter-output>
        </test-method> <!-- tearDown -->
      </class> <!-- testcases.WithdrawalTest -->
      <class name="testcases.CustomerTest">
        <test-method is-config="true" signature="setup()[pri:0, instance:testcases.CustomerTest@14bb2297]" started-at="2026-06-07T14:16:45 IST" name="setup" finished-at="2026-06-07T14:16:48 IST" duration-ms="2855" status="PASS">
          <reporter-output>
          </reporter-output>
        </test-method> <!-- setup -->
        <test-method signature="createCustomerTest()[pri:0, instance:testcases.CustomerTest@14bb2297]" started-at="2026-06-07T14:16:48 IST" name="createCustomerTest" finished-at="2026-06-07T14:16:52 IST" duration-ms="4189" status="PASS">
          <reporter-output>
          </reporter-output>
        </test-method> <!-- createCustomerTest -->
        <test-method is-config="true" signature="tearDown()[pri:0, instance:testcases.CustomerTest@14bb2297]" started-at="2026-06-07T14:16:52 IST" name="tearDown" finished-at="2026-06-07T14:16:52 IST" duration-ms="234" status="PASS">
          <reporter-output>
          </reporter-output>
        </test-method> <!-- tearDown -->
      </class> <!-- testcases.CustomerTest -->
      <class name="testcases.DepositTest">
        <test-method is-config="true" signature="setup()[pri:0, instance:testcases.DepositTest@797501a]" started-at="2026-06-07T14:17:01 IST" name="setup" finished-at="2026-06-07T14:17:04 IST" duration-ms="3514" status="PASS">
          <reporter-output>
          </reporter-output>
        </test-method> <!-- setup -->
        <test-method signature="depositMoneyTest()[pri:0, instance:testcases.DepositTest@797501a]" started-at="2026-06-07T14:17:04 IST" name="depositMoneyTest" finished-at="2026-06-07T14:17:08 IST" duration-ms="3557" status="PASS">
          <reporter-output>
          </reporter-output>
        </test-method> <!-- depositMoneyTest -->
        <test-method is-config="true" signature="tearDown()[pri:0, instance:testcases.DepositTest@797501a]" started-at="2026-06-07T14:17:08 IST" name="tearDown" finished-at="2026-06-07T14:17:08 IST" duration-ms="292" status="PASS">
          <reporter-output>
          </reporter-output>
        </test-method> <!-- tearDown -->
      </class> <!-- testcases.DepositTest -->
      <class name="testcases.LoginTest">
        <test-method is-config="true" signature="setup()[pri:0, instance:testcases.LoginTest@d1f74b8]" started-at="2026-06-07T14:16:30 IST" name="setup" finished-at="2026-06-07T14:16:34 IST" duration-ms="3461" status="PASS">
          <reporter-output>
          </reporter-output>
        </test-method> <!-- setup -->
        <test-method signature="emptyLoginTest()[pri:0, instance:testcases.LoginTest@d1f74b8]" started-at="2026-06-07T14:16:34 IST" name="emptyLoginTest" finished-at="2026-06-07T14:16:34 IST" duration-ms="760" status="PASS">
          <reporter-output>
          </reporter-output>
        </test-method> <!-- emptyLoginTest -->
        <test-method is-config="true" signature="tearDown()[pri:0, instance:testcases.LoginTest@d1f74b8]" started-at="2026-06-07T14:16:34 IST" name="tearDown" finished-at="2026-06-07T14:16:35 IST" duration-ms="290" status="PASS">
          <reporter-output>
          </reporter-output>
        </test-method> <!-- tearDown -->
        <test-method is-config="true" signature="setup()[pri:0, instance:testcases.LoginTest@d1f74b8]" started-at="2026-06-07T14:16:35 IST" name="setup" finished-at="2026-06-07T14:16:38 IST" duration-ms="3181" status="PASS">
          <reporter-output>
          </reporter-output>
        </test-method> <!-- setup -->
        <test-method signature="invalidLoginTest()[pri:0, instance:testcases.LoginTest@d1f74b8]" started-at="2026-06-07T14:16:38 IST" name="invalidLoginTest" finished-at="2026-06-07T14:16:39 IST" duration-ms="667" status="PASS">
          <reporter-output>
          </reporter-output>
        </test-method> <!-- invalidLoginTest -->
        <test-method is-config="true" signature="tearDown()[pri:0, instance:testcases.LoginTest@d1f74b8]" started-at="2026-06-07T14:16:39 IST" name="tearDown" finished-at="2026-06-07T14:16:39 IST" duration-ms="221" status="PASS">
          <reporter-output>
          </reporter-output>
        </test-method> <!-- tearDown -->
        <test-method is-config="true" signature="setup()[pri:0, instance:testcases.LoginTest@d1f74b8]" started-at="2026-06-07T14:16:39 IST" name="setup" finished-at="2026-06-07T14:16:42 IST" duration-ms="3368" status="PASS">
          <reporter-output>
          </reporter-output>
        </test-method> <!-- setup -->
        <test-method signature="validLoginTest()[pri:0, instance:testcases.LoginTest@d1f74b8]" started-at="2026-06-07T14:16:42 IST" name="validLoginTest" finished-at="2026-06-07T14:16:45 IST" duration-ms="2539" status="PASS">
          <reporter-output>
          </reporter-output>
        </test-method> <!-- validLoginTest -->
        <test-method is-config="true" signature="tearDown()[pri:0, instance:testcases.LoginTest@d1f74b8]" started-at="2026-06-07T14:16:45 IST" name="tearDown" finished-at="2026-06-07T14:16:45 IST" duration-ms="205" status="PASS">
          <reporter-output>
          </reporter-output>
        </test-method> <!-- tearDown -->
      </class> <!-- testcases.LoginTest -->
    </test> <!-- Guru99 Tests -->
  </suite> <!-- Guru99BankSuite -->
</testng-results>
