<?xml version="1.0" encoding="UTF-8"?>
<testng-results ignored="0" total="6" passed="6" failed="0" skipped="0">
  <reporter-output>
  </reporter-output>
  <suite started-at="2026-06-08T16:26:37 IST" name="Guru99NegativeSuite" finished-at="2026-06-08T16:27:11 IST" duration-ms="33378">
    <groups>
    </groups>
    <test started-at="2026-06-08T16:26:37 IST" name="Negative Tests" finished-at="2026-06-08T16:27:11 IST" duration-ms="33378">
      <class name="testcases.FundTransferNegativeTest">
        <test-method is-config="true" signature="setup()[pri:0, instance:testcases.FundTransferNegativeTest@649f2009]" started-at="2026-06-08T16:26:47 IST" name="setup" finished-at="2026-06-08T16:26:51 IST" duration-ms="3482" status="PASS">
          <reporter-output>
          </reporter-output>
        </test-method> <!-- setup -->
        <test-method signature="excessiveWithdrawalTest()[pri:0, instance:testcases.FundTransferNegativeTest@649f2009]" started-at="2026-06-08T16:26:51 IST" name="excessiveWithdrawalTest" finished-at="2026-06-08T16:26:53 IST" duration-ms="2186" status="PASS">
          <reporter-output>
          </reporter-output>
        </test-method> <!-- excessiveWithdrawalTest -->
        <test-method is-config="true" signature="tearDown()[pri:0, instance:testcases.FundTransferNegativeTest@649f2009]" started-at="2026-06-08T16:26:53 IST" name="tearDown" finished-at="2026-06-08T16:26:53 IST" duration-ms="198" status="PASS">
          <reporter-output>
          </reporter-output>
        </test-method> <!-- tearDown -->
        <test-method is-config="true" signature="setup()[pri:0, instance:testcases.FundTransferNegativeTest@649f2009]" started-at="2026-06-08T16:26:53 IST" name="setup" finished-at="2026-06-08T16:26:56 IST" duration-ms="2706" status="PASS">
          <reporter-output>
          </reporter-output>
        </test-method> <!-- setup -->
        <test-method signature="insufficientBalanceTest()[pri:0, instance:testcases.FundTransferNegativeTest@649f2009]" started-at="2026-06-08T16:26:56 IST" name="insufficientBalanceTest" finished-at="2026-06-08T16:26:58 IST" duration-ms="1742" status="PASS">
          <reporter-output>
          </reporter-output>
        </test-method> <!-- insufficientBalanceTest -->
        <test-method is-config="true" signature="tearDown()[pri:0, instance:testcases.FundTransferNegativeTest@649f2009]" started-at="2026-06-08T16:26:58 IST" name="tearDown" finished-at="2026-06-08T16:26:58 IST" duration-ms="406" status="PASS">
          <reporter-output>
          </reporter-output>
        </test-method> <!-- tearDown -->
        <test-method is-config="true" signature="setup()[pri:0, instance:testcases.FundTransferNegativeTest@649f2009]" started-at="2026-06-08T16:26:58 IST" name="setup" finished-at="2026-06-08T16:27:01 IST" duration-ms="2706" status="PASS">
          <reporter-output>
          </reporter-output>
        </test-method> <!-- setup -->
        <test-method signature="invalidAccountTransferTest()[pri:0, instance:testcases.FundTransferNegativeTest@649f2009]" started-at="2026-06-08T16:27:01 IST" name="invalidAccountTransferTest" finished-at="2026-06-08T16:27:05 IST" duration-ms="4004" status="PASS">
          <reporter-output>
          </reporter-output>
        </test-method> <!-- invalidAccountTransferTest -->
        <test-method is-config="true" signature="tearDown()[pri:0, instance:testcases.FundTransferNegativeTest@649f2009]" started-at="2026-06-08T16:27:05 IST" name="tearDown" finished-at="2026-06-08T16:27:05 IST" duration-ms="213" status="PASS">
          <reporter-output>
          </reporter-output>
        </test-method> <!-- tearDown -->
        <test-method is-config="true" signature="setup()[pri:0, instance:testcases.FundTransferNegativeTest@649f2009]" started-at="2026-06-08T16:27:05 IST" name="setup" finished-at="2026-06-08T16:27:08 IST" duration-ms="2881" status="PASS">
          <reporter-output>
          </reporter-output>
        </test-method> <!-- setup -->
        <test-method signature="invalidDepositAccountTest()[pri:0, instance:testcases.FundTransferNegativeTest@649f2009]" started-at="2026-06-08T16:27:08 IST" name="invalidDepositAccountTest" finished-at="2026-06-08T16:27:11 IST" duration-ms="2555" status="PASS">
          <reporter-output>
          </reporter-output>
        </test-method> <!-- invalidDepositAccountTest -->
        <test-method is-config="true" signature="tearDown()[pri:0, instance:testcases.FundTransferNegativeTest@649f2009]" started-at="2026-06-08T16:27:11 IST" name="tearDown" finished-at="2026-06-08T16:27:11 IST" duration-ms="241" status="PASS">
          <reporter-output>
          </reporter-output>
        </test-method> <!-- tearDown -->
      </class> <!-- testcases.FundTransferNegativeTest -->
      <class name="testcases.LoginTest">
        <test-method is-config="true" signature="setup()[pri:0, instance:testcases.LoginTest@67af833b]" started-at="2026-06-08T16:26:38 IST" name="setup" finished-at="2026-06-08T16:26:42 IST" duration-ms="4447" status="PASS">
          <reporter-output>
          </reporter-output>
        </test-method> <!-- setup -->
        <test-method signature="invalidLoginTest()[pri:0, instance:testcases.LoginTest@67af833b]" started-at="2026-06-08T16:26:42 IST" name="invalidLoginTest" finished-at="2026-06-08T16:26:43 IST" duration-ms="1208" status="PASS">
          <reporter-output>
          </reporter-output>
        </test-method> <!-- invalidLoginTest -->
        <test-method is-config="true" signature="tearDown()[pri:0, instance:testcases.LoginTest@67af833b]" started-at="2026-06-08T16:26:43 IST" name="tearDown" finished-at="2026-06-08T16:26:43 IST" duration-ms="252" status="PASS">
          <reporter-output>
          </reporter-output>
        </test-method> <!-- tearDown -->
        <test-method is-config="true" signature="setup()[pri:0, instance:testcases.LoginTest@67af833b]" started-at="2026-06-08T16:26:43 IST" name="setup" finished-at="2026-06-08T16:26:47 IST" duration-ms="3191" status="PASS">
          <reporter-output>
          </reporter-output>
        </test-method> <!-- setup -->
        <test-method signature="emptyLoginTest()[pri:0, instance:testcases.LoginTest@67af833b]" started-at="2026-06-08T16:26:47 IST" name="emptyLoginTest" finished-at="2026-06-08T16:26:47 IST" duration-ms="564" status="PASS">
          <reporter-output>
          </reporter-output>
        </test-method> <!-- emptyLoginTest -->
        <test-method is-config="true" signature="tearDown()[pri:0, instance:testcases.LoginTest@67af833b]" started-at="2026-06-08T16:26:47 IST" name="tearDown" finished-at="2026-06-08T16:26:47 IST" duration-ms="238" status="PASS">
          <reporter-output>
          </reporter-output>
        </test-method> <!-- tearDown -->
      </class> <!-- testcases.LoginTest -->
    </test> <!-- Negative Tests -->
  </suite> <!-- Guru99NegativeSuite -->
</testng-results>
